<?xml version="1.0" encoding="UTF-8"?>
<!-- Generated by org.testng.reporters.JUnitXMLReporter -->
<testsuite ignored="0" hostname="DESKTOP-ELVACAN" failures="0" tests="9" name="Default test" time="98.75" errors="0" timestamp="2022-10-28T14:42:47 BDT">
  <testcase classname="tests.TestRokomari" name="rokomariTest" time="30.146"/>
  <testcase classname="tests.TestRokomari" name="selectAuthorTest" time="3.275"/>
  <testcase classname="tests.TestRokomari" name="selectHimuTest" time="4.953"/>
  <testcase classname="tests.TestRokomari" name="FilterCategoriesTest" time="4.485"/>
  <testcase classname="tests.TestRokomari" name="scrollDownAndNextPageTest" time="7.411"/>
  <testcase classname="tests.TestRokomari" name="AddBookTest" time="3.981"/>
  <testcase classname="tests.TestRokomari" name="ClickCartIconTest" time="4.613"/>
  <testcase classname="tests.TestRokomari" name="goToShippingPageTest" time="8.37"/>
  <testcase classname="tests.TestRokomari" name="shippingInformation" time="25.406"/>
</testsuite> <!-- Default test -->
