<?xml version="1.0" encoding="UTF-8"?>
<!-- Generated by org.testng.reporters.JUnitXMLReporter -->
<testsuite ignored="4" hostname="DESKTOP-ELVACAN" failures="0" tests="9" name="Test" time="100.095" errors="0" timestamp="2022-10-28T22:33:53 BDT">
  <testcase classname="tests.SignInTest" name="rokomariTest" time="29.548"/>
  <testcase classname="tests.InsideRokomariTest" name="selectAuthorTest" time="3.318"/>
  <testcase classname="tests.InsideRokomariTest" name="selectHimuTest" time="4.722"/>
  <testcase classname="tests.InsideRokomariTest" name="FilterCategoriesTest" time="4.462"/>
  <testcase classname="tests.InsideRokomariTest" name="scrollDownAndNextPageTest" time="7.352"/>
  <testcase classname="tests.InsideRokomariTest" name="AddBookTest" time="3.969"/>
  <testcase classname="tests.InsideRokomariTest" name="ClickCartIconTest" time="4.877"/>
  <testcase classname="tests.InsideRokomariTest" name="goToShippingPageTest" time="8.151"/>
  <testcase classname="tests.ShippingInformationTest" name="shippingInformation" time="26.626"/>
  <testcase classname="drivers.BaseDriver" name="@AfterSuite close" time="0.0">
    <ignored/>
  </testcase> <!-- @AfterSuite close -->
  <testcase classname="drivers.BaseDriver" name="@AfterSuite close" time="0.0">
    <ignored/>
  </testcase> <!-- @AfterSuite close -->
  <testcase classname="drivers.BaseDriver" name="@BeforeSuite start" time="0.0">
    <ignored/>
  </testcase> <!-- @BeforeSuite start -->
  <testcase classname="drivers.BaseDriver" name="@BeforeSuite start" time="0.0">
    <ignored/>
  </testcase> <!-- @BeforeSuite start -->
</testsuite> <!-- Test -->
